--- Starting X Poster at Mon Apr 20 14:26:39 JST 2026 ---
/Users/imamichifumitaka/Library/Python/3.9/lib/python/site-packages/urllib3/__init__.py:35: NotOpenSSLWarning: urllib3 v2 only supports OpenSSL 1.1.1+, currently the 'ssl' module is compiled with 'LibreSSL 2.8.3'. See: https://github.com/urllib3/urllib3/issues/3020
  warnings.warn(
Posting tweet:
一生手取りが増えない人の「金食い虫」リスト👇

・毎月の税金を把握してない
・ふるさと納税をやらない
・NISAよりも貯金優先
・そして自分の『正確な手取り水準』を知らない

【年収260万】の場合、無対策だと国に60万円搾取されます。
該当してる人は今すぐプロフのURLで計算して…手遅れになる前に！

#手取り計算 #新NISA #手取り
❌ Error posting tweet: 403 Forbidden
You are not permitted to perform this action.
--- Starting Auto Follower at Mon Apr 20 14:26:39 JST 2026 ---
/Users/imamichifumitaka/Library/Python/3.9/lib/python/site-packages/urllib3/__init__.py:35: NotOpenSSLWarning: urllib3 v2 only supports OpenSSL 1.1.1+, currently the 'ssl' module is compiled with 'LibreSSL 2.8.3'. See: https://github.com/urllib3/urllib3/issues/3020
  warnings.warn(
[2026-04-20 14:26:40] [FOLLOW] Searching for targets...
[2026-04-20 14:26:40] [FOLLOW] ✅ Successfully followed user ID: 1297020749769670658
[2026-04-20 14:26:40] [FOLLOW] Searching for targets...
[2026-04-20 14:26:40] [FOLLOW] ✅ Successfully followed user ID: 1297020749769670658
--- Starting X Poster at Mon Apr 20 14:27:47 JST 2026 ---
/Users/imamichifumitaka/Library/Python/3.9/lib/python/site-packages/urllib3/__init__.py:35: NotOpenSSLWarning: urllib3 v2 only supports OpenSSL 1.1.1+, currently the 'ssl' module is compiled with 'LibreSSL 2.8.3'. See: https://github.com/urllib3/urllib3/issues/3020
  warnings.warn(
Posting tweet:
「限界まで働いてるのに、手取りが全然上がらない」
と嘆く前に、国にいくら持っていかれているか計算してほしい。

【年収280万の絶望】
・手取り：214万
・天引き：66万

国はあなたを守ってくれない。自分の資産は自分で守るしかないのが現実。
プロフのツールで現状把握から始めて👇

#手取り計算 #住民税 #給与明細
❌ Error posting tweet: 403 Forbidden
You are not permitted to perform this action.
--- Starting Auto Follower at Mon Apr 20 14:27:49 JST 2026 ---
/Users/imamichifumitaka/Library/Python/3.9/lib/python/site-packages/urllib3/__init__.py:35: NotOpenSSLWarning: urllib3 v2 only supports OpenSSL 1.1.1+, currently the 'ssl' module is compiled with 'LibreSSL 2.8.3'. See: https://github.com/urllib3/urllib3/issues/3020
  warnings.warn(
[2026-04-20 14:27:49] [FOLLOW] Searching for targets...
[2026-04-20 14:27:50] [FOLLOW] ✅ Successfully followed user ID: 264153282
[2026-04-20 14:27:49] [FOLLOW] Searching for targets...
[2026-04-20 14:27:50] [FOLLOW] ✅ Successfully followed user ID: 264153282
[2026-04-21 21:32:16] [FOLLOW] Searching for targets...
[2026-04-21 21:32:17] [FOLLOW] ✅ Successfully followed user ID: 1877867820564017152
